<?xml version="1.0" encoding="UTF-8"?>
<testng-results ignored="0" total="2" passed="2" failed="0" skipped="0">
  <reporter-output>
  </reporter-output>
  <suite started-at="2023-12-05T14:41:46 IST" name="Default suite" finished-at="2023-12-05T14:41:51 IST" duration-ms="4285">
    <groups>
    </groups>
    <test started-at="2023-12-05T14:41:46 IST" name="Default test" finished-at="2023-12-05T14:41:51 IST" duration-ms="4285">
      <class name="day2.DiffWaysToCreatePostRequestBody4thApproach">
        <test-method signature="testPostUsingExternalJson()[pri:1, instance:day2.DiffWaysToCreatePostRequestBody4thApproach@3e58a80e]" started-at="2023-12-05T14:41:47 IST" name="testPostUsingExternalJson" finished-at="2023-12-05T14:41:51 IST" duration-ms="4103" status="PASS">
          <reporter-output>
          </reporter-output>
        </test-method> <!-- testPostUsingExternalJson -->
        <test-method signature="testDelete()[pri:2, instance:day2.DiffWaysToCreatePostRequestBody4thApproach@3e58a80e]" started-at="2023-12-05T14:41:51 IST" name="testDelete" finished-at="2023-12-05T14:41:51 IST" duration-ms="72" status="PASS">
          <reporter-output>
          </reporter-output>
        </test-method> <!-- testDelete -->
      </class> <!-- day2.DiffWaysToCreatePostRequestBody4thApproach -->
    </test> <!-- Default test -->
  </suite> <!-- Default suite -->
</testng-results>
